{"C:\\Users\\mathe\\planet-tech-chat\\frontend\\src\\App.js": {"path":"C:\\Users\\mathe\\planet-tech-chat\\frontend\\src\\App.js","statementMap":{"0":{"start":{"line":11,"column":19},"end":{"line":11,"column":41}},"1":{"start":{"line":13,"column":2},"end":{"line":17,"column":4}}},"fnMap":{"0":{"name":"App","decl":{"start":{"line":10,"column":9},"end":{"line":10,"column":12}},"loc":{"start":{"line":10,"column":15},"end":{"line":18,"column":1}},"line":10}},"branchMap":{"0":{"loc":{"start":{"line":15,"column":7},"end":{"line":15,"column":34}},"type":"cond-expr","locations":[{"start":{"line":15,"column":14},"end":{"line":15,"column":22}},{"start":{"line":15,"column":25},"end":{"line":15,"column":34}}],"line":15}},"s":{"0":0,"1":0},"f":{"0":0},"b":{"0":[0,0]}}
,"C:\\Users\\mathe\\planet-tech-chat\\frontend\\src\\index.js": {"path":"C:\\Users\\mathe\\planet-tech-chat\\frontend\\src\\index.js","statementMap":{"0":{"start":{"line":9,"column":13},"end":{"line":9,"column":65}},"1":{"start":{"line":10,"column":0},"end":{"line":16,"column":2}}},"fnMap":{},"branchMap":{},"s":{"0":0,"1":0},"f":{},"b":{}}
,"C:\\Users\\mathe\\planet-tech-chat\\frontend\\src\\components\\Chat.js": {"path":"C:\\Users\\mathe\\planet-tech-chat\\frontend\\src\\components\\Chat.js","statementMap":{"0":{"start":{"line":10,"column":29},"end":{"line":33,"column":1}},"1":{"start":{"line":11,"column":15},"end":{"line":11,"column":16}},"2":{"start":{"line":12,"column":4},"end":{"line":14,"column":5}},"3":{"start":{"line":12,"column":17},"end":{"line":12,"column":18}},"4":{"start":{"line":13,"column":8},"end":{"line":13,"column":56}},"5":{"start":{"line":15,"column":16},"end":{"line":15,"column":19}},"6":{"start":{"line":16,"column":4},"end":{"line":19,"column":5}},"7":{"start":{"line":16,"column":17},"end":{"line":16,"column":18}},"8":{"start":{"line":17,"column":22},"end":{"line":17,"column":46}},"9":{"start":{"line":18,"column":8},"end":{"line":18,"column":56}},"10":{"start":{"line":21,"column":14},"end":{"line":21,"column":49}},"11":{"start":{"line":22,"column":14},"end":{"line":22,"column":49}},"12":{"start":{"line":23,"column":14},"end":{"line":23,"column":49}},"13":{"start":{"line":26,"column":22},"end":{"line":26,"column":63}},"14":{"start":{"line":29,"column":4},"end":{"line":31,"column":5}},"15":{"start":{"line":30,"column":8},"end":{"line":30,"column":46}},"16":{"start":{"line":32,"column":4},"end":{"line":32,"column":17}},"17":{"start":{"line":36,"column":27},"end":{"line":45,"column":1}},"18":{"start":{"line":38,"column":18},"end":{"line":38,"column":58}},"19":{"start":{"line":40,"column":4},"end":{"line":42,"column":5}},"20":{"start":{"line":41,"column":8},"end":{"line":41,"column":40}},"21":{"start":{"line":44,"column":4},"end":{"line":44,"column":52}},"22":{"start":{"line":48,"column":27},"end":{"line":69,"column":1}},"23":{"start":{"line":49,"column":20},"end":{"line":49,"column":22}},"24":{"start":{"line":50,"column":18},"end":{"line":50,"column":43}},"25":{"start":{"line":51,"column":22},"end":{"line":51,"column":68}},"26":{"start":{"line":53,"column":4},"end":{"line":67,"column":7}},"27":{"start":{"line":54,"column":24},"end":{"line":54,"column":62}},"28":{"start":{"line":56,"column":8},"end":{"line":62,"column":9}},"29":{"start":{"line":57,"column":12},"end":{"line":57,"column":27}},"30":{"start":{"line":58,"column":15},"end":{"line":62,"column":9}},"31":{"start":{"line":59,"column":12},"end":{"line":59,"column":28}},"32":{"start":{"line":61,"column":12},"end":{"line":61,"column":108}},"33":{"start":{"line":63,"column":8},"end":{"line":65,"column":9}},"34":{"start":{"line":64,"column":12},"end":{"line":64,"column":32}},"35":{"start":{"line":66,"column":8},"end":{"line":66,"column":33}},"36":{"start":{"line":68,"column":4},"end":{"line":68,"column":19}},"37":{"start":{"line":72,"column":13},"end":{"line":358,"column":1}},"38":{"start":{"line":73,"column":34},"end":{"line":73,"column":46}},"39":{"start":{"line":74,"column":28},"end":{"line":74,"column":44}},"40":{"start":{"line":75,"column":28},"end":{"line":75,"column":42}},"41":{"start":{"line":76,"column":38},"end":{"line":76,"column":49}},"42":{"start":{"line":77,"column":38},"end":{"line":77,"column":53}},"43":{"start":{"line":78,"column":27},"end":{"line":78,"column":39}},"44":{"start":{"line":79,"column":28},"end":{"line":79,"column":40}},"45":{"start":{"line":81,"column":110},"end":{"line":81,"column":132}},"46":{"start":{"line":83,"column":21},"end":{"line":83,"column":24}},"47":{"start":{"line":86,"column":4},"end":{"line":88,"column":18}},"48":{"start":{"line":87,"column":8},"end":{"line":87,"column":37}},"49":{"start":{"line":91,"column":4},"end":{"line":100,"column":19}},"50":{"start":{"line":92,"column":29},"end":{"line":92,"column":52}},"51":{"start":{"line":93,"column":8},"end":{"line":99,"column":9}},"52":{"start":{"line":94,"column":62},"end":{"line":94,"column":74}},"53":{"start":{"line":96,"column":12},"end":{"line":98,"column":13}},"54":{"start":{"line":97,"column":16},"end":{"line":97,"column":79}},"55":{"start":{"line":103,"column":28},"end":{"line":108,"column":5}},"56":{"start":{"line":104,"column":8},"end":{"line":107,"column":11}},"57":{"start":{"line":111,"column":26},"end":{"line":122,"column":5}},"58":{"start":{"line":112,"column":8},"end":{"line":121,"column":9}},"59":{"start":{"line":114,"column":16},"end":{"line":114,"column":75}},"60":{"start":{"line":116,"column":16},"end":{"line":116,"column":115}},"61":{"start":{"line":118,"column":16},"end":{"line":118,"column":86}},"62":{"start":{"line":120,"column":16},"end":{"line":120,"column":67}},"63":{"start":{"line":125,"column":29},"end":{"line":140,"column":5}},"64":{"start":{"line":126,"column":29},"end":{"line":126,"column":46}},"65":{"start":{"line":127,"column":8},"end":{"line":139,"column":9}},"66":{"start":{"line":128,"column":33},"end":{"line":128,"column":87}},"67":{"start":{"line":129,"column":12},"end":{"line":133,"column":13}},"68":{"start":{"line":130,"column":16},"end":{"line":130,"column":85}},"69":{"start":{"line":131,"column":16},"end":{"line":131,"column":36}},"70":{"start":{"line":132,"column":16},"end":{"line":132,"column":23}},"71":{"start":{"line":135,"column":31},"end":{"line":135,"column":64}},"72":{"start":{"line":136,"column":12},"end":{"line":136,"column":35}},"73":{"start":{"line":137,"column":12},"end":{"line":137,"column":80}},"74":{"start":{"line":138,"column":12},"end":{"line":138,"column":34}},"75":{"start":{"line":143,"column":32},"end":{"line":151,"column":5}},"76":{"start":{"line":144,"column":8},"end":{"line":146,"column":9}},"77":{"start":{"line":145,"column":12},"end":{"line":145,"column":41}},"78":{"start":{"line":147,"column":8},"end":{"line":147,"column":25}},"79":{"start":{"line":148,"column":8},"end":{"line":148,"column":22}},"80":{"start":{"line":149,"column":8},"end":{"line":149,"column":24}},"81":{"start":{"line":150,"column":8},"end":{"line":150,"column":23}},"82":{"start":{"line":154,"column":23},"end":{"line":199,"column":5}},"83":{"start":{"line":155,"column":8},"end":{"line":158,"column":9}},"84":{"start":{"line":156,"column":12},"end":{"line":156,"column":73}},"85":{"start":{"line":157,"column":12},"end":{"line":157,"column":19}},"86":{"start":{"line":160,"column":8},"end":{"line":160,"column":27}},"87":{"start":{"line":162,"column":8},"end":{"line":198,"column":9}},"88":{"start":{"line":163,"column":33},"end":{"line":163,"column":47}},"89":{"start":{"line":164,"column":30},"end":{"line":164,"column":34}},"90":{"start":{"line":166,"column":12},"end":{"line":171,"column":13}},"91":{"start":{"line":167,"column":37},"end":{"line":167,"column":63}},"92":{"start":{"line":168,"column":16},"end":{"line":168,"column":50}},"93":{"start":{"line":169,"column":16},"end":{"line":169,"column":45}},"94":{"start":{"line":170,"column":16},"end":{"line":170,"column":30}},"95":{"start":{"line":173,"column":34},"end":{"line":178,"column":13}},"96":{"start":{"line":180,"column":32},"end":{"line":180,"column":68}},"97":{"start":{"line":183,"column":12},"end":{"line":183,"column":43}},"98":{"start":{"line":186,"column":12},"end":{"line":186,"column":27}},"99":{"start":{"line":187,"column":12},"end":{"line":187,"column":28}},"100":{"start":{"line":188,"column":12},"end":{"line":188,"column":27}},"101":{"start":{"line":191,"column":12},"end":{"line":191,"column":75}},"102":{"start":{"line":194,"column":12},"end":{"line":194,"column":61}},"103":{"start":{"line":195,"column":12},"end":{"line":195,"column":63}},"104":{"start":{"line":197,"column":12},"end":{"line":197,"column":32}},"105":{"start":{"line":202,"column":27},"end":{"line":208,"column":5}},"106":{"start":{"line":204,"column":8},"end":{"line":207,"column":9}},"107":{"start":{"line":205,"column":12},"end":{"line":205,"column":31}},"108":{"start":{"line":206,"column":12},"end":{"line":206,"column":25}},"109":{"start":{"line":211,"column":28},"end":{"line":211,"column":49}},"110":{"start":{"line":214,"column":4},"end":{"line":357,"column":6}},"111":{"start":{"line":244,"column":24},"end":{"line":283,"column":30}},"112":{"start":{"line":247,"column":32},"end":{"line":281,"column":38}},"113":{"start":{"line":294,"column":59},"end":{"line":294,"column":78}},"114":{"start":{"line":294,"column":79},"end":{"line":294,"column":92}},"115":{"start":{"line":297,"column":37},"end":{"line":297,"column":63}}},"fnMap":{"0":{"name":"(anonymous_0)","decl":{"start":{"line":10,"column":29},"end":{"line":10,"column":30}},"loc":{"start":{"line":10,"column":38},"end":{"line":33,"column":1}},"line":10},"1":{"name":"(anonymous_1)","decl":{"start":{"line":36,"column":27},"end":{"line":36,"column":28}},"loc":{"start":{"line":36,"column":39},"end":{"line":45,"column":1}},"line":36},"2":{"name":"(anonymous_2)","decl":{"start":{"line":48,"column":27},"end":{"line":48,"column":28}},"loc":{"start":{"line":48,"column":37},"end":{"line":69,"column":1}},"line":48},"3":{"name":"(anonymous_3)","decl":{"start":{"line":53,"column":17},"end":{"line":53,"column":18}},"loc":{"start":{"line":53,"column":26},"end":{"line":67,"column":5}},"line":53},"4":{"name":"(anonymous_4)","decl":{"start":{"line":72,"column":13},"end":{"line":72,"column":14}},"loc":{"start":{"line":72,"column":19},"end":{"line":358,"column":1}},"line":72},"5":{"name":"(anonymous_5)","decl":{"start":{"line":86,"column":14},"end":{"line":86,"column":15}},"loc":{"start":{"line":86,"column":20},"end":{"line":88,"column":5}},"line":86},"6":{"name":"(anonymous_6)","decl":{"start":{"line":91,"column":14},"end":{"line":91,"column":15}},"loc":{"start":{"line":91,"column":20},"end":{"line":100,"column":5}},"line":91},"7":{"name":"(anonymous_7)","decl":{"start":{"line":103,"column":28},"end":{"line":103,"column":29}},"loc":{"start":{"line":103,"column":43},"end":{"line":108,"column":5}},"line":103},"8":{"name":"(anonymous_8)","decl":{"start":{"line":111,"column":26},"end":{"line":111,"column":27}},"loc":{"start":{"line":111,"column":35},"end":{"line":122,"column":5}},"line":111},"9":{"name":"(anonymous_9)","decl":{"start":{"line":125,"column":29},"end":{"line":125,"column":30}},"loc":{"start":{"line":125,"column":42},"end":{"line":140,"column":5}},"line":125},"10":{"name":"(anonymous_10)","decl":{"start":{"line":143,"column":32},"end":{"line":143,"column":33}},"loc":{"start":{"line":143,"column":38},"end":{"line":151,"column":5}},"line":143},"11":{"name":"(anonymous_11)","decl":{"start":{"line":154,"column":23},"end":{"line":154,"column":24}},"loc":{"start":{"line":154,"column":35},"end":{"line":199,"column":5}},"line":154},"12":{"name":"(anonymous_12)","decl":{"start":{"line":202,"column":27},"end":{"line":202,"column":28}},"loc":{"start":{"line":202,"column":34},"end":{"line":208,"column":5}},"line":202},"13":{"name":"(anonymous_13)","decl":{"start":{"line":243,"column":56},"end":{"line":243,"column":57}},"loc":{"start":{"line":244,"column":24},"end":{"line":283,"column":30}},"line":244},"14":{"name":"(anonymous_14)","decl":{"start":{"line":246,"column":38},"end":{"line":246,"column":39}},"loc":{"start":{"line":247,"column":32},"end":{"line":281,"column":38}},"line":247},"15":{"name":"(anonymous_15)","decl":{"start":{"line":294,"column":50},"end":{"line":294,"column":51}},"loc":{"start":{"line":294,"column":57},"end":{"line":294,"column":94}},"line":294},"16":{"name":"(anonymous_16)","decl":{"start":{"line":297,"column":30},"end":{"line":297,"column":31}},"loc":{"start":{"line":297,"column":37},"end":{"line":297,"column":63}},"line":297}},"branchMap":{"0":{"loc":{"start":{"line":29,"column":4},"end":{"line":31,"column":5}},"type":"if","locations":[{"start":{"line":29,"column":4},"end":{"line":31,"column":5}},{"start":{},"end":{}}],"line":29},"1":{"loc":{"start":{"line":40,"column":4},"end":{"line":42,"column":5}},"type":"if","locations":[{"start":{"line":40,"column":4},"end":{"line":42,"column":5}},{"start":{},"end":{}}],"line":40},"2":{"loc":{"start":{"line":56,"column":8},"end":{"line":62,"column":9}},"type":"if","locations":[{"start":{"line":56,"column":8},"end":{"line":62,"column":9}},{"start":{"line":58,"column":15},"end":{"line":62,"column":9}}],"line":56},"3":{"loc":{"start":{"line":58,"column":15},"end":{"line":62,"column":9}},"type":"if","locations":[{"start":{"line":58,"column":15},"end":{"line":62,"column":9}},{"start":{"line":60,"column":15},"end":{"line":62,"column":9}}],"line":58},"4":{"loc":{"start":{"line":63,"column":8},"end":{"line":65,"column":9}},"type":"if","locations":[{"start":{"line":63,"column":8},"end":{"line":65,"column":9}},{"start":{},"end":{}}],"line":63},"5":{"loc":{"start":{"line":93,"column":8},"end":{"line":99,"column":9}},"type":"if","locations":[{"start":{"line":93,"column":8},"end":{"line":99,"column":9}},{"start":{},"end":{}}],"line":93},"6":{"loc":{"start":{"line":96,"column":12},"end":{"line":98,"column":13}},"type":"if","locations":[{"start":{"line":96,"column":12},"end":{"line":98,"column":13}},{"start":{},"end":{}}],"line":96},"7":{"loc":{"start":{"line":112,"column":8},"end":{"line":121,"column":9}},"type":"switch","locations":[{"start":{"line":113,"column":12},"end":{"line":114,"column":75}},{"start":{"line":115,"column":12},"end":{"line":116,"column":115}},{"start":{"line":117,"column":12},"end":{"line":118,"column":86}},{"start":{"line":119,"column":12},"end":{"line":120,"column":67}}],"line":112},"8":{"loc":{"start":{"line":127,"column":8},"end":{"line":139,"column":9}},"type":"if","locations":[{"start":{"line":127,"column":8},"end":{"line":139,"column":9}},{"start":{},"end":{}}],"line":127},"9":{"loc":{"start":{"line":129,"column":12},"end":{"line":133,"column":13}},"type":"if","locations":[{"start":{"line":129,"column":12},"end":{"line":133,"column":13}},{"start":{},"end":{}}],"line":129},"10":{"loc":{"start":{"line":137,"column":20},"end":{"line":137,"column":78}},"type":"cond-expr","locations":[{"start":{"line":137,"column":61},"end":{"line":137,"column":68}},{"start":{"line":137,"column":71},"end":{"line":137,"column":78}}],"line":137},"11":{"loc":{"start":{"line":144,"column":8},"end":{"line":146,"column":9}},"type":"if","locations":[{"start":{"line":144,"column":8},"end":{"line":146,"column":9}},{"start":{},"end":{}}],"line":144},"12":{"loc":{"start":{"line":155,"column":8},"end":{"line":158,"column":9}},"type":"if","locations":[{"start":{"line":155,"column":8},"end":{"line":158,"column":9}},{"start":{},"end":{}}],"line":155},"13":{"loc":{"start":{"line":155,"column":12},"end":{"line":155,"column":62}},"type":"binary-expr","locations":[{"start":{"line":155,"column":13},"end":{"line":155,"column":28}},{"start":{"line":155,"column":32},"end":{"line":155,"column":37}},{"start":{"line":155,"column":42},"end":{"line":155,"column":62}}],"line":155},"14":{"loc":{"start":{"line":166,"column":12},"end":{"line":171,"column":13}},"type":"if","locations":[{"start":{"line":166,"column":12},"end":{"line":171,"column":13}},{"start":{},"end":{}}],"line":166},"15":{"loc":{"start":{"line":204,"column":8},"end":{"line":207,"column":9}},"type":"if","locations":[{"start":{"line":204,"column":8},"end":{"line":207,"column":9}},{"start":{},"end":{}}],"line":204},"16":{"loc":{"start":{"line":204,"column":12},"end":{"line":204,"column":58}},"type":"binary-expr","locations":[{"start":{"line":204,"column":12},"end":{"line":204,"column":22}},{"start":{"line":204,"column":26},"end":{"line":204,"column":43}},{"start":{"line":204,"column":47},"end":{"line":204,"column":58}}],"line":204},"17":{"loc":{"start":{"line":242,"column":17},"end":{"line":289,"column":17}},"type":"cond-expr","locations":[{"start":{"line":243,"column":20},"end":{"line":284,"column":22}},{"start":{"line":286,"column":20},"end":{"line":288,"column":24}}],"line":242},"18":{"loc":{"start":{"line":249,"column":65},"end":{"line":249,"column":122}},"type":"cond-expr","locations":[{"start":{"line":249,"column":87},"end":{"line":249,"column":101}},{"start":{"line":249,"column":104},"end":{"line":249,"column":122}}],"line":249},"19":{"loc":{"start":{"line":252,"column":37},"end":{"line":259,"column":37}},"type":"binary-expr","locations":[{"start":{"line":252,"column":37},"end":{"line":252,"column":56}},{"start":{"line":253,"column":40},"end":{"line":258,"column":46}}],"line":252},"20":{"loc":{"start":{"line":262,"column":62},"end":{"line":262,"column":103}},"type":"cond-expr","locations":[{"start":{"line":262,"column":84},"end":{"line":262,"column":90}},{"start":{"line":262,"column":93},"end":{"line":262,"column":103}}],"line":262},"21":{"loc":{"start":{"line":273,"column":37},"end":{"line":280,"column":37}},"type":"binary-expr","locations":[{"start":{"line":273,"column":37},"end":{"line":273,"column":56}},{"start":{"line":274,"column":40},"end":{"line":279,"column":46}}],"line":273},"22":{"loc":{"start":{"line":303,"column":30},"end":{"line":303,"column":49}},"type":"binary-expr","locations":[{"start":{"line":303,"column":30},"end":{"line":303,"column":36}},{"start":{"line":303,"column":40},"end":{"line":303,"column":49}}],"line":303},"23":{"loc":{"start":{"line":307,"column":44},"end":{"line":307,"column":91}},"type":"binary-expr","locations":[{"start":{"line":307,"column":44},"end":{"line":307,"column":68}},{"start":{"line":307,"column":72},"end":{"line":307,"column":91}}],"line":307},"24":{"loc":{"start":{"line":321,"column":17},"end":{"line":340,"column":17}},"type":"binary-expr","locations":[{"start":{"line":321,"column":17},"end":{"line":321,"column":24}},{"start":{"line":322,"column":20},"end":{"line":339,"column":26}}],"line":321},"25":{"loc":{"start":{"line":323,"column":25},"end":{"line":327,"column":25}},"type":"cond-expr","locations":[{"start":{"line":324,"column":28},"end":{"line":324,"column":73}},{"start":{"line":326,"column":28},"end":{"line":326,"column":60}}],"line":323},"26":{"loc":{"start":{"line":346,"column":30},"end":{"line":346,"column":69}},"type":"binary-expr","locations":[{"start":{"line":346,"column":31},"end":{"line":346,"column":46}},{"start":{"line":346,"column":50},"end":{"line":346,"column":55}},{"start":{"line":346,"column":60},"end":{"line":346,"column":69}}],"line":346},"27":{"loc":{"start":{"line":349,"column":21},"end":{"line":353,"column":21}},"type":"cond-expr","locations":[{"start":{"line":350,"column":24},"end":{"line":350,"column":55}},{"start":{"line":352,"column":24},"end":{"line":352,"column":32}}],"line":349}},"s":{"0":1,"1":0,"2":0,"3":0,"4":0,"5":0,"6":0,"7":0,"8":0,"9":0,"10":0,"11":0,"12":0,"13":0,"14":0,"15":0,"16":0,"17":1,"18":4,"19":4,"20":1,"21":3,"22":1,"23":2,"24":2,"25":2,"26":2,"27":5,"28":5,"29":2,"30":3,"31":1,"32":2,"33":5,"34":4,"35":5,"36":2,"37":1,"38":0,"39":0,"40":0,"41":0,"42":0,"43":0,"44":0,"45":0,"46":0,"47":0,"48":0,"49":0,"50":0,"51":0,"52":0,"53":0,"54":0,"55":0,"56":0,"57":0,"58":0,"59":0,"60":0,"61":0,"62":0,"63":0,"64":0,"65":0,"66":0,"67":0,"68":0,"69":0,"70":0,"71":0,"72":0,"73":0,"74":0,"75":0,"76":0,"77":0,"78":0,"79":0,"80":0,"81":0,"82":0,"83":0,"84":0,"85":0,"86":0,"87":0,"88":0,"89":0,"90":0,"91":0,"92":0,"93":0,"94":0,"95":0,"96":0,"97":0,"98":0,"99":0,"100":0,"101":0,"102":0,"103":0,"104":0,"105":0,"106":0,"107":0,"108":0,"109":0,"110":0,"111":0,"112":0,"113":0,"114":0,"115":0},"f":{"0":0,"1":4,"2":2,"3":5,"4":0,"5":0,"6":0,"7":0,"8":0,"9":0,"10":0,"11":0,"12":0,"13":0,"14":0,"15":0,"16":0},"b":{"0":[0,0],"1":[1,3],"2":[2,3],"3":[1,2],"4":[4,1],"5":[0,0],"6":[0,0],"7":[0,0,0,0],"8":[0,0],"9":[0,0],"10":[0,0],"11":[0,0],"12":[0,0],"13":[0,0,0],"14":[0,0],"15":[0,0],"16":[0,0,0],"17":[0,0],"18":[0,0],"19":[0,0],"20":[0,0],"21":[0,0],"22":[0,0],"23":[0,0],"24":[0,0],"25":[0,0],"26":[0,0,0],"27":[0,0]},"_coverageSchema":"1a1c01bbd47fc00a2c39e90264f33305004495a9","hash":"db9e03a366bbf47a0a20f2aa5ce59e44e83f2d22"}
,"C:\\Users\\mathe\\planet-tech-chat\\frontend\\src\\components\\Login.js": {"path":"C:\\Users\\mathe\\planet-tech-chat\\frontend\\src\\components\\Login.js","statementMap":{"0":{"start":{"line":4,"column":14},"end":{"line":38,"column":1}},"1":{"start":{"line":5,"column":34},"end":{"line":5,"column":46}},"2":{"start":{"line":6,"column":20},"end":{"line":6,"column":42}},"3":{"start":{"line":8,"column":23},"end":{"line":16,"column":3}},"4":{"start":{"line":9,"column":4},"end":{"line":9,"column":23}},"5":{"start":{"line":10,"column":28},"end":{"line":10,"column":43}},"6":{"start":{"line":11,"column":4},"end":{"line":15,"column":5}},"7":{"start":{"line":12,"column":6},"end":{"line":12,"column":29}},"8":{"start":{"line":14,"column":6},"end":{"line":14,"column":68}},"9":{"start":{"line":18,"column":2},"end":{"line":37,"column":4}},"10":{"start":{"line":26,"column":27},"end":{"line":26,"column":54}}},"fnMap":{"0":{"name":"(anonymous_0)","decl":{"start":{"line":4,"column":14},"end":{"line":4,"column":15}},"loc":{"start":{"line":4,"column":20},"end":{"line":38,"column":1}},"line":4},"1":{"name":"(anonymous_1)","decl":{"start":{"line":8,"column":23},"end":{"line":8,"column":24}},"loc":{"start":{"line":8,"column":30},"end":{"line":16,"column":3}},"line":8},"2":{"name":"(anonymous_2)","decl":{"start":{"line":26,"column":20},"end":{"line":26,"column":21}},"loc":{"start":{"line":26,"column":27},"end":{"line":26,"column":54}},"line":26}},"branchMap":{"0":{"loc":{"start":{"line":11,"column":4},"end":{"line":15,"column":5}},"type":"if","locations":[{"start":{"line":11,"column":4},"end":{"line":15,"column":5}},{"start":{"line":13,"column":11},"end":{"line":15,"column":5}}],"line":11},"1":{"loc":{"start":{"line":11,"column":8},"end":{"line":11,"column":55}},"type":"binary-expr","locations":[{"start":{"line":11,"column":8},"end":{"line":11,"column":23}},{"start":{"line":11,"column":27},"end":{"line":11,"column":55}}],"line":11}},"s":{"0":0,"1":0,"2":0,"3":0,"4":0,"5":0,"6":0,"7":0,"8":0,"9":0,"10":0},"f":{"0":0,"1":0,"2":0},"b":{"0":[0,0],"1":[0,0]}}
,"C:\\Users\\mathe\\planet-tech-chat\\frontend\\src\\context\\AppContext.js": {"path":"C:\\Users\\mathe\\planet-tech-chat\\frontend\\src\\context\\AppContext.js","statementMap":{"0":{"start":{"line":5,"column":26},"end":{"line":5,"column":41}},"1":{"start":{"line":7,"column":27},"end":{"line":70,"column":1}},"2":{"start":{"line":8,"column":26},"end":{"line":8,"column":40}},"3":{"start":{"line":9,"column":34},"end":{"line":9,"column":46}},"4":{"start":{"line":10,"column":32},"end":{"line":10,"column":46}},"5":{"start":{"line":13,"column":2},"end":{"line":27,"column":13}},"6":{"start":{"line":14,"column":4},"end":{"line":26,"column":5}},"7":{"start":{"line":15,"column":28},"end":{"line":22,"column":7}},"8":{"start":{"line":16,"column":8},"end":{"line":21,"column":9}},"9":{"start":{"line":17,"column":23},"end":{"line":17,"column":46}},"10":{"start":{"line":18,"column":10},"end":{"line":18,"column":28}},"11":{"start":{"line":20,"column":10},"end":{"line":20,"column":62}},"12":{"start":{"line":23,"column":6},"end":{"line":23,"column":22}},"13":{"start":{"line":24,"column":23},"end":{"line":24,"column":55}},"14":{"start":{"line":25,"column":6},"end":{"line":25,"column":43}},"15":{"start":{"line":25,"column":19},"end":{"line":25,"column":42}},"16":{"start":{"line":29,"column":16},"end":{"line":29,"column":47}},"17":{"start":{"line":29,"column":30},"end":{"line":29,"column":47}},"18":{"start":{"line":30,"column":17},"end":{"line":30,"column":36}},"19":{"start":{"line":30,"column":23},"end":{"line":30,"column":36}},"20":{"start":{"line":32,"column":23},"end":{"line":32,"column":45}},"21":{"start":{"line":32,"column":29},"end":{"line":32,"column":45}},"22":{"start":{"line":35,"column":28},"end":{"line":37,"column":3}},"23":{"start":{"line":36,"column":6},"end":{"line":36,"column":65}},"24":{"start":{"line":36,"column":34},"end":{"line":36,"column":63}},"25":{"start":{"line":40,"column":24},"end":{"line":40,"column":45}},"26":{"start":{"line":40,"column":30},"end":{"line":40,"column":45}},"27":{"start":{"line":42,"column":26},"end":{"line":54,"column":3}},"28":{"start":{"line":44,"column":6},"end":{"line":53,"column":7}},"29":{"start":{"line":45,"column":10},"end":{"line":52,"column":11}},"30":{"start":{"line":46,"column":14},"end":{"line":46,"column":36}},"31":{"start":{"line":47,"column":14},"end":{"line":47,"column":30}},"32":{"start":{"line":48,"column":14},"end":{"line":48,"column":47}},"33":{"start":{"line":50,"column":14},"end":{"line":50,"column":63}},"34":{"start":{"line":51,"column":14},"end":{"line":51,"column":80}},"35":{"start":{"line":57,"column":16},"end":{"line":67,"column":3}},"36":{"start":{"line":69,"column":2},"end":{"line":69,"column":77}}},"fnMap":{"0":{"name":"(anonymous_0)","decl":{"start":{"line":7,"column":27},"end":{"line":7,"column":28}},"loc":{"start":{"line":7,"column":45},"end":{"line":70,"column":1}},"line":7},"1":{"name":"(anonymous_1)","decl":{"start":{"line":13,"column":12},"end":{"line":13,"column":13}},"loc":{"start":{"line":13,"column":18},"end":{"line":27,"column":3}},"line":13},"2":{"name":"(anonymous_2)","decl":{"start":{"line":15,"column":28},"end":{"line":15,"column":29}},"loc":{"start":{"line":15,"column":40},"end":{"line":22,"column":7}},"line":15},"3":{"name":"(anonymous_3)","decl":{"start":{"line":25,"column":13},"end":{"line":25,"column":14}},"loc":{"start":{"line":25,"column":19},"end":{"line":25,"column":42}},"line":25},"4":{"name":"(anonymous_4)","decl":{"start":{"line":29,"column":16},"end":{"line":29,"column":17}},"loc":{"start":{"line":29,"column":30},"end":{"line":29,"column":47}},"line":29},"5":{"name":"(anonymous_5)","decl":{"start":{"line":30,"column":17},"end":{"line":30,"column":18}},"loc":{"start":{"line":30,"column":23},"end":{"line":30,"column":36}},"line":30},"6":{"name":"(anonymous_6)","decl":{"start":{"line":32,"column":23},"end":{"line":32,"column":24}},"loc":{"start":{"line":32,"column":29},"end":{"line":32,"column":45}},"line":32},"7":{"name":"(anonymous_7)","decl":{"start":{"line":35,"column":28},"end":{"line":35,"column":29}},"loc":{"start":{"line":35,"column":44},"end":{"line":37,"column":3}},"line":35},"8":{"name":"(anonymous_8)","decl":{"start":{"line":36,"column":18},"end":{"line":36,"column":19}},"loc":{"start":{"line":36,"column":34},"end":{"line":36,"column":63}},"line":36},"9":{"name":"(anonymous_9)","decl":{"start":{"line":40,"column":24},"end":{"line":40,"column":25}},"loc":{"start":{"line":40,"column":30},"end":{"line":40,"column":45}},"line":40},"10":{"name":"(anonymous_10)","decl":{"start":{"line":42,"column":26},"end":{"line":42,"column":27}},"loc":{"start":{"line":42,"column":38},"end":{"line":54,"column":3}},"line":42}},"branchMap":{"0":{"loc":{"start":{"line":14,"column":4},"end":{"line":26,"column":5}},"type":"if","locations":[{"start":{"line":14,"column":4},"end":{"line":26,"column":5}},{"start":{},"end":{}}],"line":14},"1":{"loc":{"start":{"line":44,"column":6},"end":{"line":53,"column":7}},"type":"if","locations":[{"start":{"line":44,"column":6},"end":{"line":53,"column":7}},{"start":{},"end":{}}],"line":44}},"s":{"0":1,"1":1,"2":0,"3":0,"4":0,"5":0,"6":0,"7":0,"8":0,"9":0,"10":0,"11":0,"12":0,"13":0,"14":0,"15":0,"16":0,"17":0,"18":0,"19":0,"20":0,"21":0,"22":0,"23":0,"24":0,"25":0,"26":0,"27":0,"28":0,"29":0,"30":0,"31":0,"32":0,"33":0,"34":0,"35":0,"36":0},"f":{"0":0,"1":0,"2":0,"3":0,"4":0,"5":0,"6":0,"7":0,"8":0,"9":0,"10":0},"b":{"0":[0,0],"1":[0,0]},"_coverageSchema":"1a1c01bbd47fc00a2c39e90264f33305004495a9","hash":"6214f62f251af291c12000e5c395717f34b52804"}
,"C:\\Users\\mathe\\planet-tech-chat\\frontend\\src\\context\\index.js": {"path":"C:\\Users\\mathe\\planet-tech-chat\\frontend\\src\\context\\index.js","statementMap":{},"fnMap":{},"branchMap":{},"s":{},"f":{},"b":{}}
,"C:\\Users\\mathe\\planet-tech-chat\\frontend\\src\\services\\api.js": {"path":"C:\\Users\\mathe\\planet-tech-chat\\frontend\\src\\services\\api.js","statementMap":{"0":{"start":{"line":4,"column":17},"end":{"line":4,"column":19}},"1":{"start":{"line":6,"column":27},"end":{"line":10,"column":1}},"2":{"start":{"line":7,"column":19},"end":{"line":7,"column":54}},"3":{"start":{"line":8,"column":2},"end":{"line":8,"column":64}},"4":{"start":{"line":8,"column":20},"end":{"line":8,"column":64}},"5":{"start":{"line":9,"column":2},"end":{"line":9,"column":25}},"6":{"start":{"line":12,"column":27},"end":{"line":20,"column":1}},"7":{"start":{"line":13,"column":19},"end":{"line":17,"column":4}},"8":{"start":{"line":18,"column":2},"end":{"line":18,"column":63}},"9":{"start":{"line":18,"column":20},"end":{"line":18,"column":63}},"10":{"start":{"line":19,"column":2},"end":{"line":19,"column":25}},"11":{"start":{"line":22,"column":26},"end":{"line":31,"column":1}},"12":{"start":{"line":23,"column":19},"end":{"line":23,"column":33}},"13":{"start":{"line":24,"column":2},"end":{"line":24,"column":32}},"14":{"start":{"line":25,"column":19},"end":{"line":28,"column":4}},"15":{"start":{"line":29,"column":2},"end":{"line":29,"column":60}},"16":{"start":{"line":29,"column":20},"end":{"line":29,"column":60}},"17":{"start":{"line":30,"column":2},"end":{"line":30,"column":25}},"18":{"start":{"line":34,"column":25},"end":{"line":41,"column":1}},"19":{"start":{"line":35,"column":19},"end":{"line":38,"column":4}},"20":{"start":{"line":39,"column":2},"end":{"line":39,"column":61}},"21":{"start":{"line":39,"column":20},"end":{"line":39,"column":61}},"22":{"start":{"line":40,"column":2},"end":{"line":40,"column":25}}},"fnMap":{"0":{"name":"(anonymous_0)","decl":{"start":{"line":6,"column":27},"end":{"line":6,"column":28}},"loc":{"start":{"line":6,"column":39},"end":{"line":10,"column":1}},"line":6},"1":{"name":"(anonymous_1)","decl":{"start":{"line":12,"column":27},"end":{"line":12,"column":28}},"loc":{"start":{"line":12,"column":46},"end":{"line":20,"column":1}},"line":12},"2":{"name":"(anonymous_2)","decl":{"start":{"line":22,"column":26},"end":{"line":22,"column":27}},"loc":{"start":{"line":22,"column":42},"end":{"line":31,"column":1}},"line":22},"3":{"name":"(anonymous_3)","decl":{"start":{"line":34,"column":25},"end":{"line":34,"column":26}},"loc":{"start":{"line":34,"column":37},"end":{"line":41,"column":1}},"line":34}},"branchMap":{"0":{"loc":{"start":{"line":8,"column":2},"end":{"line":8,"column":64}},"type":"if","locations":[{"start":{"line":8,"column":2},"end":{"line":8,"column":64}},{"start":{},"end":{}}],"line":8},"1":{"loc":{"start":{"line":18,"column":2},"end":{"line":18,"column":63}},"type":"if","locations":[{"start":{"line":18,"column":2},"end":{"line":18,"column":63}},{"start":{},"end":{}}],"line":18},"2":{"loc":{"start":{"line":29,"column":2},"end":{"line":29,"column":60}},"type":"if","locations":[{"start":{"line":29,"column":2},"end":{"line":29,"column":60}},{"start":{},"end":{}}],"line":29},"3":{"loc":{"start":{"line":39,"column":2},"end":{"line":39,"column":61}},"type":"if","locations":[{"start":{"line":39,"column":2},"end":{"line":39,"column":61}},{"start":{},"end":{}}],"line":39}},"s":{"0":1,"1":1,"2":0,"3":0,"4":0,"5":0,"6":1,"7":0,"8":0,"9":0,"10":0,"11":1,"12":0,"13":0,"14":0,"15":0,"16":0,"17":0,"18":1,"19":0,"20":0,"21":0,"22":0},"f":{"0":0,"1":0,"2":0,"3":0},"b":{"0":[0,0],"1":[0,0],"2":[0,0],"3":[0,0]},"_coverageSchema":"1a1c01bbd47fc00a2c39e90264f33305004495a9","hash":"cc6d7b0b13e62285a6cb9825153e66104e3d7080"}
}
